[2021-07-27T14:25:38.508] [INFO] info - log output
[2021-07-30T09:39:47.406] [INFO] info - ***数据库连接成功***
[2021-07-30T10:39:34.880] [INFO] info - ***数据库连接成功***
[2021-07-30T10:39:48.289] [INFO] info - ***数据库连接成功***
[2021-07-30T10:44:11.732] [INFO] info - ***数据库连接成功***
[2021-07-30T10:48:24.525] [INFO] info - ***数据库连接成功***
[2021-07-30T10:48:43.413] [INFO] info - log output
[2021-07-30T10:48:43.552] [INFO] info - log output
[2021-07-30T10:48:54.566] [INFO] info - log output
[2021-07-30T10:50:30.498] [INFO] info - ***数据库连接成功***
[2021-07-30T10:50:39.056] [INFO] info - log output
[2021-07-30T10:52:40.584] [INFO] info - log output
[2021-07-30T10:53:14.757] [INFO] info - log output
[2021-07-30T10:54:43.885] [INFO] info - ***数据库连接成功***
[2021-07-30T10:54:47.600] [INFO] info - log output
[2021-07-30T10:56:22.512] [INFO] info - log output
[2021-07-30T10:56:29.184] [INFO] info - log output
[2021-07-30T11:00:51.175] [INFO] info - ***数据库连接成功***
[2021-07-30T11:01:44.296] [INFO] info - ***数据库连接成功***
[2021-07-30T11:02:22.501] [INFO] info - ***数据库连接成功***
[2021-07-30T11:15:19.538] [INFO] info - ***数据库连接成功***
[2021-07-30T11:16:25.487] [INFO] info - ***数据库连接成功***
[2021-07-30T11:19:57.840] [INFO] info - ***数据库连接成功***
[2021-07-30T12:04:06.424] [INFO] info - ***数据库连接成功***
[2021-07-30T12:05:13.155] [INFO] info - ***数据库连接成功***
[2021-07-30T12:10:54.360] [INFO] info - ***数据库连接成功***
[2021-07-30T12:16:29.321] [INFO] info - ***数据库连接成功***
[2021-07-30T12:26:18.855] [INFO] info - ***数据库连接成功***
[2021-07-30T12:31:52.618] [INFO] info - ***数据库连接成功***
[2021-07-30T12:37:28.087] [INFO] info - ***数据库连接成功***
[2021-07-30T12:43:09.090] [INFO] info - ***数据库连接成功***
[2021-07-30T12:45:26.271] [INFO] info - ***数据库连接成功***
[2021-07-30T12:51:00.102] [INFO] info - ***数据库连接成功***
[2021-07-30T12:52:05.083] [INFO] info - ***数据库连接成功***
[2021-07-30T12:57:35.632] [INFO] info - ***数据库连接成功***
[2021-07-30T12:58:43.565] [INFO] info - ***数据库连接成功***
[2021-07-30T13:04:16.188] [INFO] info - ***数据库连接成功***
[2021-07-30T13:14:09.324] [INFO] info - ***数据库连接成功***
[2021-07-30T13:19:48.264] [INFO] info - ***数据库连接成功***
[2021-07-30T13:21:05.880] [INFO] info - ***数据库连接成功***
[2021-07-30T13:26:37.080] [INFO] info - ***数据库连接成功***
[2021-07-30T13:32:28.103] [INFO] info - ***数据库连接成功***
[2021-07-30T13:37:55.406] [INFO] info - ***数据库连接成功***
[2021-08-04T14:19:30.301] [INFO] info - ***数据库连接成功***
[2021-08-04T14:20:44.325] [INFO] info - get params: {}
[2021-08-04T14:20:44.326] [INFO] info - post params: {}
[2021-08-04T14:20:44.351] [INFO] info - get params: {}
[2021-08-04T14:20:44.351] [INFO] info - post params: {}
[2021-08-04T14:20:51.133] [INFO] info - get params: {}
[2021-08-04T14:20:51.133] [INFO] info - post params: {"userName":"123","userPwd":"123"}
[2021-08-04T14:21:01.082] [INFO] info - get params: {}
[2021-08-04T14:21:01.082] [INFO] info - post params: {"userName":"admin","userPwd":"admin"}
[2021-08-04T14:21:01.138] [INFO] info - get params: {}
[2021-08-04T14:21:01.139] [INFO] info - post params: {}
[2021-08-04T14:21:01.140] [INFO] info - get params: {}
[2021-08-04T14:21:01.140] [INFO] info - post params: {}
[2021-08-04T14:21:51.604] [INFO] info - get params: {}
[2021-08-04T14:21:51.604] [INFO] info - post params: {"userName":"admin","userPwd":"admin"}
[2021-08-04T14:21:51.660] [INFO] info - get params: {}
[2021-08-04T14:21:51.660] [INFO] info - post params: {}
[2021-08-04T14:21:51.662] [INFO] info - get params: {}
[2021-08-04T14:21:51.662] [INFO] info - post params: {}
[2021-08-04T14:26:11.960] [INFO] info - get params: {}
[2021-08-04T14:26:11.960] [INFO] info - post params: {"userName":"admin","userPwd":"admin"}
[2021-08-04T14:26:12.048] [INFO] info - get params: {}
[2021-08-04T14:26:12.048] [INFO] info - post params: {}
[2021-08-04T14:26:12.051] [INFO] info - get params: {}
[2021-08-04T14:26:12.051] [INFO] info - post params: {}
[2021-08-04T14:26:48.857] [INFO] info - get params: {}
[2021-08-04T14:26:48.857] [INFO] info - post params: {"userName":"admin","userPwd":"admin"}
[2021-08-04T14:26:48.913] [INFO] info - get params: {}
[2021-08-04T14:26:48.913] [INFO] info - post params: {}
[2021-08-04T14:26:48.914] [INFO] info - get params: {}
[2021-08-04T14:26:48.914] [INFO] info - post params: {}
[2021-08-04T14:27:01.637] [INFO] info - ***数据库连接成功***
[2021-08-04T14:27:07.806] [INFO] info - get params: {}
[2021-08-04T14:27:07.806] [INFO] info - post params: {}
[2021-08-04T14:27:07.813] [INFO] info - get params: {}
[2021-08-04T14:27:07.814] [INFO] info - post params: {}
[2021-08-04T14:27:14.893] [INFO] info - get params: {}
[2021-08-04T14:27:14.894] [INFO] info - post params: {"userName":"admin","userPwd":"admin"}
[2021-08-04T14:27:14.972] [INFO] info - get params: {}
[2021-08-04T14:27:14.972] [INFO] info - post params: {}
[2021-08-04T14:27:14.973] [INFO] info - get params: {}
[2021-08-04T14:27:14.973] [INFO] info - post params: {}
[2021-08-04T14:30:34.960] [INFO] info - ***数据库连接成功***
[2021-08-04T14:33:15.828] [INFO] info - get params: {}
[2021-08-04T14:33:15.829] [INFO] info - post params: {}
[2021-08-04T14:33:15.838] [INFO] info - get params: {}
[2021-08-04T14:33:15.838] [INFO] info - post params: {}
[2021-08-04T14:33:55.961] [INFO] info - get params: {}
[2021-08-04T14:33:55.961] [INFO] info - post params: {}
[2021-08-04T14:33:55.972] [INFO] info - get params: {}
[2021-08-04T14:33:55.972] [INFO] info - post params: {}
[2021-08-04T14:34:52.323] [INFO] info - get params: {}
[2021-08-04T14:34:52.323] [INFO] info - post params: {"userName":"admin","userPwd":"admin"}
[2021-08-04T14:34:52.406] [INFO] info - get params: {}
[2021-08-04T14:34:52.406] [INFO] info - post params: {}
[2021-08-04T14:34:52.407] [INFO] info - get params: {}
[2021-08-04T14:34:52.407] [INFO] info - post params: {}
[2021-08-04T14:35:34.073] [INFO] info - get params: {}
[2021-08-04T14:35:34.073] [INFO] info - post params: {}
[2021-08-04T14:35:34.079] [INFO] info - get params: {}
[2021-08-04T14:35:34.079] [INFO] info - post params: {}
[2021-08-04T14:35:49.748] [INFO] info - get params: {}
[2021-08-04T14:35:49.749] [INFO] info - post params: {}
[2021-08-04T14:35:49.751] [INFO] info - get params: {}
[2021-08-04T14:35:49.752] [INFO] info - post params: {}
[2021-08-04T14:36:45.696] [INFO] info - ***数据库连接成功***
[2021-08-04T14:37:26.114] [INFO] info - ***数据库连接成功***
[2021-08-04T14:38:22.855] [INFO] info - ***数据库连接成功***
[2021-08-04T14:38:28.286] [INFO] info - ***数据库连接成功***
[2021-08-04T14:39:27.906] [INFO] info - ***数据库连接成功***
[2021-08-04T14:39:33.266] [INFO] info - ***数据库连接成功***
[2021-08-04T14:39:41.275] [INFO] info - get params: {}
[2021-08-04T14:39:41.276] [INFO] info - post params: {}
[2021-08-04T14:39:41.296] [INFO] info - get params: {}
[2021-08-04T14:39:41.297] [INFO] info - post params: {}
[2021-08-04T14:40:07.475] [INFO] info - get params: {}
[2021-08-04T14:40:07.476] [INFO] info - post params: {}
[2021-08-04T14:40:07.520] [INFO] info - get params: {}
[2021-08-04T14:40:07.521] [INFO] info - post params: {}
[2021-08-04T14:40:33.213] [INFO] info - ***数据库连接成功***
[2021-08-04T14:40:37.549] [INFO] info - get params: {}
[2021-08-04T14:40:37.549] [INFO] info - post params: {}
[2021-08-04T14:40:37.593] [INFO] info - get params: {}
[2021-08-04T14:40:37.594] [INFO] info - post params: {}
[2021-08-04T14:40:54.713] [INFO] info - ***数据库连接成功***
[2021-08-04T14:40:56.724] [INFO] info - ***数据库连接成功***
[2021-08-04T14:41:00.587] [INFO] info - get params: {}
[2021-08-04T14:41:00.587] [INFO] info - post params: {}
[2021-08-04T14:41:00.597] [INFO] info - get params: {}
[2021-08-04T14:41:00.597] [INFO] info - post params: {}
[2021-08-04T14:41:10.472] [INFO] info - ***数据库连接成功***
[2021-08-04T14:41:13.828] [INFO] info - get params: {}
[2021-08-04T14:41:13.828] [INFO] info - post params: {}
[2021-08-04T14:41:13.847] [INFO] info - get params: {}
[2021-08-04T14:41:13.847] [INFO] info - post params: {}
[2021-08-04T14:41:36.686] [INFO] info - ***数据库连接成功***
[2021-08-04T14:41:38.273] [INFO] info - ***数据库连接成功***
[2021-08-04T14:41:43.296] [INFO] info - get params: {}
[2021-08-04T14:41:43.296] [INFO] info - post params: {}
[2021-08-04T14:41:43.313] [INFO] info - get params: {}
[2021-08-04T14:41:43.313] [INFO] info - post params: {}
[2021-08-04T14:42:02.902] [INFO] info - ***数据库连接成功***
[2021-08-04T14:42:05.256] [INFO] info - get params: {}
[2021-08-04T14:42:05.257] [INFO] info - post params: {}
[2021-08-04T14:42:05.270] [INFO] info - get params: {}
[2021-08-04T14:42:05.270] [INFO] info - post params: {}
[2021-08-04T14:42:16.363] [INFO] info - ***数据库连接成功***
[2021-08-04T14:42:20.664] [INFO] info - get params: {}
[2021-08-04T14:42:20.664] [INFO] info - post params: {}
[2021-08-04T14:42:20.674] [INFO] info - get params: {}
[2021-08-04T14:42:20.674] [INFO] info - post params: {}
[2021-08-04T14:43:04.940] [INFO] info - ***数据库连接成功***
[2021-08-04T14:43:07.229] [INFO] info - get params: {}
[2021-08-04T14:43:07.230] [INFO] info - post params: {}
[2021-08-04T14:43:07.266] [INFO] info - get params: {}
[2021-08-04T14:43:07.267] [INFO] info - post params: {}
[2021-08-04T14:43:47.397] [INFO] info - ***数据库连接成功***
[2021-08-04T14:44:28.601] [INFO] info - get params: {}
[2021-08-04T14:44:28.602] [INFO] info - post params: {"userName":"admin","userPwd":"admin"}
[2021-08-04T14:44:28.679] [INFO] info - get params: {}
[2021-08-04T14:44:28.680] [INFO] info - post params: {}
[2021-08-04T14:44:28.684] [INFO] info - get params: {}
[2021-08-04T14:44:28.684] [INFO] info - post params: {}
[2021-08-04T14:57:35.969] [INFO] info - ***数据库连接成功***
[2021-08-04T14:58:07.196] [INFO] info - ***数据库连接成功***
[2021-08-04T14:59:10.664] [INFO] info - ***数据库连接成功***
[2021-08-04T15:01:59.381] [INFO] info - ***数据库连接成功***
[2021-08-04T15:02:15.091] [INFO] info - ***数据库连接成功***
[2021-08-04T15:02:27.756] [INFO] info - ***数据库连接成功***
[2021-08-04T15:02:46.219] [INFO] info - get params: {}
[2021-08-04T15:02:46.220] [INFO] info - post params: {}
[2021-08-04T15:02:46.240] [INFO] info - get params: {}
[2021-08-04T15:02:46.241] [INFO] info - post params: {}
[2021-08-04T15:03:37.348] [INFO] info - ***数据库连接成功***
[2021-08-04T15:03:39.620] [INFO] info - get params: {}
[2021-08-04T15:03:39.621] [INFO] info - post params: {}
[2021-08-04T15:03:39.674] [INFO] info - get params: {}
[2021-08-04T15:03:39.674] [INFO] info - post params: {}
[2021-08-04T15:04:07.176] [INFO] info - ***数据库连接成功***
[2021-08-04T15:04:20.057] [INFO] info - get params: {}
[2021-08-04T15:04:20.057] [INFO] info - post params: {}
[2021-08-04T15:04:20.066] [INFO] info - get params: {}
[2021-08-04T15:04:20.066] [INFO] info - post params: {}
[2021-08-04T15:08:03.176] [INFO] info - ***数据库连接成功***
[2021-08-04T15:08:16.476] [INFO] info - get params: {}
[2021-08-04T15:08:16.476] [INFO] info - post params: {}
[2021-08-04T15:08:16.488] [INFO] info - get params: {}
[2021-08-04T15:08:16.489] [INFO] info - post params: {}
[2021-08-04T15:08:53.914] [INFO] info - ***数据库连接成功***
[2021-08-04T15:08:55.424] [INFO] info - get params: {}
[2021-08-04T15:08:55.424] [INFO] info - post params: {}
[2021-08-04T15:08:55.473] [INFO] info - get params: {}
[2021-08-04T15:08:55.474] [INFO] info - post params: {}
[2021-08-04T15:10:59.773] [INFO] info - ***数据库连接成功***
[2021-08-04T15:30:36.526] [INFO] info - ***数据库连接成功***
[2021-08-04T15:30:57.562] [INFO] info - ***数据库连接成功***
[2021-08-04T15:33:47.676] [INFO] info - ***数据库连接成功***
[2021-08-04T15:33:56.626] [INFO] info - get params: {}
[2021-08-04T15:33:56.627] [INFO] info - post params: {"userName":"admin","userPwd":"admin"}
[2021-08-04T15:34:04.834] [INFO] info - ***数据库连接成功***
[2021-08-04T15:34:05.919] [INFO] info - get params: {}
[2021-08-04T15:34:05.919] [INFO] info - post params: {"userName":"admin","userPwd":"admin"}
[2021-08-04T15:34:07.018] [INFO] info - get params: {}
[2021-08-04T15:34:07.018] [INFO] info - post params: {"userName":"admin","userPwd":"admin"}
[2021-08-04T15:34:07.814] [INFO] info - get params: {}
[2021-08-04T15:34:07.814] [INFO] info - post params: {"userName":"admin","userPwd":"admin"}
[2021-08-04T15:34:20.093] [INFO] info - ***数据库连接成功***
[2021-08-04T15:34:20.831] [INFO] info - get params: {}
[2021-08-04T15:34:20.831] [INFO] info - post params: {"userName":"admin","userPwd":"admin"}
[2021-08-04T15:34:20.972] [INFO] info - get params: {}
[2021-08-04T15:34:20.973] [INFO] info - post params: {}
[2021-08-04T15:34:20.976] [INFO] info - get params: {}
[2021-08-04T15:34:20.977] [INFO] info - post params: {}
[2021-08-04T15:37:42.667] [INFO] info - ***数据库连接成功***
[2021-08-04T15:42:01.240] [INFO] info - ***数据库连接成功***
[2021-08-04T15:42:27.564] [INFO] info - ***数据库连接成功***
[2021-08-04T15:46:05.215] [INFO] info - ***数据库连接成功***
